2018-05-01 23:54:24.835  INFO 702 --- [main] n.c.d.DagenslunchApplicationTests        : Starting DagenslunchApplicationTests on cloudcentrik.home with PID 702 (started by ismail in /home/ismail/my_project/cloudcentrik/dagenslunch-server-spring-boot/dagenslunch)
2018-05-01 23:54:24.836  INFO 702 --- [main] n.c.d.DagenslunchApplicationTests        : No active profile set, falling back to default profiles: default
2018-05-01 23:54:24.879  INFO 702 --- [main] o.s.w.c.s.GenericWebApplicationContext   : Refreshing org.springframework.web.context.support.GenericWebApplicationContext@6253c26: startup date [Tue May 01 23:54:24 CEST 2018]; root of context hierarchy
2018-05-01 23:54:25.953  INFO 702 --- [main] f.a.AutowiredAnnotationBeanPostProcessor : JSR-330 'javax.inject.Inject' annotation found and supported for autowiring
2018-05-01 23:54:26.070  INFO 702 --- [main] trationDelegate$BeanPostProcessorChecker : Bean 'org.springframework.transaction.annotation.ProxyTransactionManagementConfiguration' of type [org.springframework.transaction.annotation.ProxyTransactionManagementConfiguration$$EnhancerBySpringCGLIB$$3057f9b6] is not eligible for getting processed by all BeanPostProcessors (for example: not eligible for auto-proxying)
2018-05-01 23:54:26.123  INFO 702 --- [main] trationDelegate$BeanPostProcessorChecker : Bean 'org.springframework.security.config.annotation.configuration.ObjectPostProcessorConfiguration' of type [org.springframework.security.config.annotation.configuration.ObjectPostProcessorConfiguration$$EnhancerBySpringCGLIB$$c905c1f0] is not eligible for getting processed by all BeanPostProcessors (for example: not eligible for auto-proxying)
2018-05-01 23:54:26.132  INFO 702 --- [main] trationDelegate$BeanPostProcessorChecker : Bean 'objectPostProcessor' of type [org.springframework.security.config.annotation.configuration.AutowireBeanFactoryObjectPostProcessor] is not eligible for getting processed by all BeanPostProcessors (for example: not eligible for auto-proxying)
2018-05-01 23:54:26.136  INFO 702 --- [main] trationDelegate$BeanPostProcessorChecker : Bean 'org.springframework.security.access.expression.method.DefaultMethodSecurityExpressionHandler@677b8e13' of type [org.springframework.security.oauth2.provider.expression.OAuth2MethodSecurityExpressionHandler] is not eligible for getting processed by all BeanPostProcessors (for example: not eligible for auto-proxying)
2018-05-01 23:54:26.144  INFO 702 --- [main] trationDelegate$BeanPostProcessorChecker : Bean 'org.springframework.security.config.annotation.method.configuration.GlobalMethodSecurityConfiguration' of type [org.springframework.security.config.annotation.method.configuration.GlobalMethodSecurityConfiguration$$EnhancerBySpringCGLIB$$edda64a2] is not eligible for getting processed by all BeanPostProcessors (for example: not eligible for auto-proxying)
2018-05-01 23:54:26.154  INFO 702 --- [main] trationDelegate$BeanPostProcessorChecker : Bean 'methodSecurityMetadataSource' of type [org.springframework.security.access.method.DelegatingMethodSecurityMetadataSource] is not eligible for getting processed by all BeanPostProcessors (for example: not eligible for auto-proxying)
2018-05-01 23:54:26.260  INFO 702 --- [main] trationDelegate$BeanPostProcessorChecker : Bean 'security.oauth2.client-org.springframework.boot.autoconfigure.security.oauth2.OAuth2ClientProperties' of type [org.springframework.boot.autoconfigure.security.oauth2.OAuth2ClientProperties] is not eligible for getting processed by all BeanPostProcessors (for example: not eligible for auto-proxying)
2018-05-01 23:54:26.264  INFO 702 --- [main] trationDelegate$BeanPostProcessorChecker : Bean 'org.springframework.boot.autoconfigure.security.oauth2.OAuth2AutoConfiguration' of type [org.springframework.boot.autoconfigure.security.oauth2.OAuth2AutoConfiguration$$EnhancerBySpringCGLIB$$e7a1b5b6] is not eligible for getting processed by all BeanPostProcessors (for example: not eligible for auto-proxying)
2018-05-01 23:54:26.277  INFO 702 --- [main] trationDelegate$BeanPostProcessorChecker : Bean 'resourceServerProperties' of type [org.springframework.boot.autoconfigure.security.oauth2.resource.ResourceServerProperties] is not eligible for getting processed by all BeanPostProcessors (for example: not eligible for auto-proxying)
2018-05-01 23:54:26.703  INFO 702 --- [main] j.LocalContainerEntityManagerFactoryBean : Building JPA container EntityManagerFactory for persistence unit 'default'
2018-05-01 23:54:26.717  INFO 702 --- [main] o.hibernate.jpa.internal.util.LogHelper  : HHH000204: Processing PersistenceUnitInfo [
	name: default
	...]
2018-05-01 23:54:26.786  INFO 702 --- [main] org.hibernate.Version                    : HHH000412: Hibernate Core {5.0.12.Final}
2018-05-01 23:54:26.787  INFO 702 --- [main] org.hibernate.cfg.Environment            : HHH000206: hibernate.properties not found
2018-05-01 23:54:26.789  INFO 702 --- [main] org.hibernate.cfg.Environment            : HHH000021: Bytecode provider name : javassist
2018-05-01 23:54:26.824  INFO 702 --- [main] o.hibernate.annotations.common.Version   : HCANN000001: Hibernate Commons Annotations {5.0.1.Final}
2018-05-01 23:54:26.906  INFO 702 --- [main] org.hibernate.dialect.Dialect            : HHH000400: Using dialect: org.hibernate.dialect.PostgreSQL9Dialect
2018-05-01 23:54:27.030  INFO 702 --- [main] o.h.e.j.e.i.LobCreatorBuilderImpl        : HHH000424: Disabling contextual LOB creation as createClob() method threw error : java.lang.reflect.InvocationTargetException
2018-05-01 23:54:27.031  INFO 702 --- [main] org.hibernate.type.BasicTypeRegistry     : HHH000270: Type registration [java.util.UUID] overrides previous : org.hibernate.type.UUIDBinaryType@3ddb774f
2018-05-01 23:54:27.421  INFO 702 --- [main] org.hibernate.tool.hbm2ddl.SchemaUpdate  : HHH000228: Running hbm2ddl schema update
2018-05-01 23:54:27.497  INFO 702 --- [main] j.LocalContainerEntityManagerFactoryBean : Initialized JPA EntityManagerFactory for persistence unit 'default'
2018-05-01 23:54:27.711  INFO 702 --- [main] o.h.h.i.QueryTranslatorFactoryInitiator  : HHH000397: Using ASTQueryTranslatorFactory
2018-05-01 23:54:28.252  INFO 702 --- [main] .s.o.p.e.FrameworkEndpointHandlerMapping : Mapped "{[/oauth/authorize]}" onto public org.springframework.web.servlet.ModelAndView org.springframework.security.oauth2.provider.endpoint.AuthorizationEndpoint.authorize(java.util.Map<java.lang.String, java.lang.Object>,java.util.Map<java.lang.String, java.lang.String>,org.springframework.web.bind.support.SessionStatus,java.security.Principal)
2018-05-01 23:54:28.254  INFO 702 --- [main] .s.o.p.e.FrameworkEndpointHandlerMapping : Mapped "{[/oauth/authorize],methods=[POST],params=[user_oauth_approval]}" onto public org.springframework.web.servlet.View org.springframework.security.oauth2.provider.endpoint.AuthorizationEndpoint.approveOrDeny(java.util.Map<java.lang.String, java.lang.String>,java.util.Map<java.lang.String, ?>,org.springframework.web.bind.support.SessionStatus,java.security.Principal)
2018-05-01 23:54:28.254  INFO 702 --- [main] .s.o.p.e.FrameworkEndpointHandlerMapping : Mapped "{[/oauth/token],methods=[POST]}" onto public org.springframework.http.ResponseEntity<org.springframework.security.oauth2.common.OAuth2AccessToken> org.springframework.security.oauth2.provider.endpoint.TokenEndpoint.postAccessToken(java.security.Principal,java.util.Map<java.lang.String, java.lang.String>) throws org.springframework.web.HttpRequestMethodNotSupportedException
2018-05-01 23:54:28.255  INFO 702 --- [main] .s.o.p.e.FrameworkEndpointHandlerMapping : Mapped "{[/oauth/token],methods=[GET]}" onto public org.springframework.http.ResponseEntity<org.springframework.security.oauth2.common.OAuth2AccessToken> org.springframework.security.oauth2.provider.endpoint.TokenEndpoint.getAccessToken(java.security.Principal,java.util.Map<java.lang.String, java.lang.String>) throws org.springframework.web.HttpRequestMethodNotSupportedException
2018-05-01 23:54:28.255  INFO 702 --- [main] .s.o.p.e.FrameworkEndpointHandlerMapping : Mapped "{[/oauth/check_token]}" onto public java.util.Map<java.lang.String, ?> org.springframework.security.oauth2.provider.endpoint.CheckTokenEndpoint.checkToken(java.lang.String)
2018-05-01 23:54:28.256  INFO 702 --- [main] .s.o.p.e.FrameworkEndpointHandlerMapping : Mapped "{[/oauth/confirm_access]}" onto public org.springframework.web.servlet.ModelAndView org.springframework.security.oauth2.provider.endpoint.WhitelabelApprovalEndpoint.getAccessConfirmation(java.util.Map<java.lang.String, java.lang.Object>,javax.servlet.http.HttpServletRequest) throws java.lang.Exception
2018-05-01 23:54:28.256  INFO 702 --- [main] .s.o.p.e.FrameworkEndpointHandlerMapping : Mapped "{[/oauth/error]}" onto public org.springframework.web.servlet.ModelAndView org.springframework.security.oauth2.provider.endpoint.WhitelabelErrorEndpoint.handleError(javax.servlet.http.HttpServletRequest)
2018-05-01 23:54:28.604  INFO 702 --- [main] o.s.s.web.DefaultSecurityFilterChain     : Creating filter chain: OrRequestMatcher [requestMatchers=[Ant [pattern='/oauth/token'], Ant [pattern='/oauth/token_key'], Ant [pattern='/oauth/check_token']]], [org.springframework.security.web.context.request.async.WebAsyncManagerIntegrationFilter@7d61468c, org.springframework.security.web.context.SecurityContextPersistenceFilter@7bfa1eb5, org.springframework.security.web.header.HeaderWriterFilter@4def42c3, org.springframework.security.web.authentication.logout.LogoutFilter@6003220a, org.springframework.security.web.authentication.www.BasicAuthenticationFilter@3e8b8f0, org.springframework.security.web.savedrequest.RequestCacheAwareFilter@5353dd09, org.springframework.security.web.servletapi.SecurityContextHolderAwareRequestFilter@395a573c, org.springframework.security.web.authentication.AnonymousAuthenticationFilter@45796b2a, org.springframework.security.web.session.SessionManagementFilter@73b74615, org.springframework.security.web.access.ExceptionTranslationFilter@5486ee92, org.springframework.security.web.access.intercept.FilterSecurityInterceptor@704d3b00]
2018-05-01 23:54:28.607  INFO 702 --- [main] o.s.s.web.DefaultSecurityFilterChain     : Creating filter chain: org.springframework.security.web.util.matcher.AnyRequestMatcher@1, [org.springframework.security.web.context.request.async.WebAsyncManagerIntegrationFilter@1a4083f6, org.springframework.security.web.context.SecurityContextPersistenceFilter@5aab5b31, org.springframework.security.web.header.HeaderWriterFilter@241fc278, org.springframework.security.web.authentication.logout.LogoutFilter@65a48cab, org.springframework.security.web.savedrequest.RequestCacheAwareFilter@5408d4b3, org.springframework.security.web.servletapi.SecurityContextHolderAwareRequestFilter@eded048, org.springframework.security.web.session.SessionManagementFilter@5c76fce4, org.springframework.security.web.access.ExceptionTranslationFilter@3866c96e, org.springframework.security.web.access.intercept.FilterSecurityInterceptor@4e4d0a0b]
2018-05-01 23:54:28.622  INFO 702 --- [main] o.s.s.web.DefaultSecurityFilterChain     : Creating filter chain: org.springframework.security.oauth2.config.annotation.web.configuration.ResourceServerConfiguration$NotOAuthRequestMatcher@30afb481, [org.springframework.security.web.context.request.async.WebAsyncManagerIntegrationFilter@5c573229, org.springframework.security.web.context.SecurityContextPersistenceFilter@2bb0e277, org.springframework.security.web.header.HeaderWriterFilter@300a38e7, org.springframework.security.web.authentication.logout.LogoutFilter@657b3b, org.springframework.security.oauth2.provider.authentication.OAuth2AuthenticationProcessingFilter@56b9d43f, org.springframework.security.web.savedrequest.RequestCacheAwareFilter@6f24ce45, org.springframework.security.web.servletapi.SecurityContextHolderAwareRequestFilter@e881e46, org.springframework.security.web.session.SessionManagementFilter@5c9a4f3b, org.springframework.security.web.access.ExceptionTranslationFilter@28dd81ad, org.springframework.security.web.access.intercept.FilterSecurityInterceptor@520a95ff]
2018-05-01 23:54:29.045  INFO 702 --- [main] s.w.s.m.m.a.RequestMappingHandlerAdapter : Looking for @ControllerAdvice: org.springframework.web.context.support.GenericWebApplicationContext@6253c26: startup date [Tue May 01 23:54:24 CEST 2018]; root of context hierarchy
2018-05-01 23:54:29.105  INFO 702 --- [main] s.w.s.m.m.a.RequestMappingHandlerMapping : Mapped "{[/api/people],methods=[GET]}" onto public java.util.List<net.cloudcentrik.dagenslunch.model.People> net.cloudcentrik.dagenslunch.controller.PeopleController.retrieveAllPeoples()
2018-05-01 23:54:29.105  INFO 702 --- [main] s.w.s.m.m.a.RequestMappingHandlerMapping : Mapped "{[/api/people],methods=[POST]}" onto public net.cloudcentrik.dagenslunch.model.People net.cloudcentrik.dagenslunch.controller.PeopleController.createPeople(net.cloudcentrik.dagenslunch.model.People)
2018-05-01 23:54:29.106  INFO 702 --- [main] s.w.s.m.m.a.RequestMappingHandlerMapping : Mapped "{[/api/people/{id}],methods=[DELETE]}" onto public void net.cloudcentrik.dagenslunch.controller.PeopleController.deletePeopleById(long)
2018-05-01 23:54:29.106  INFO 702 --- [main] s.w.s.m.m.a.RequestMappingHandlerMapping : Mapped "{[/api/people/{id}],methods=[POST]}" onto public int net.cloudcentrik.dagenslunch.controller.PeopleController.updatePeople(java.lang.Long,net.cloudcentrik.dagenslunch.model.People)
2018-05-01 23:54:29.106  INFO 702 --- [main] s.w.s.m.m.a.RequestMappingHandlerMapping : Mapped "{[/api/people/title/{title}],methods=[GET]}" onto public net.cloudcentrik.dagenslunch.model.People net.cloudcentrik.dagenslunch.controller.PeopleController.findByJobTitle(java.lang.String)
2018-05-01 23:54:29.106  INFO 702 --- [main] s.w.s.m.m.a.RequestMappingHandlerMapping : Mapped "{[/api/people/{id}],methods=[GET]}" onto public net.cloudcentrik.dagenslunch.model.People net.cloudcentrik.dagenslunch.controller.PeopleController.getPeopleById(java.lang.Long)
2018-05-01 23:54:29.107  INFO 702 --- [main] s.w.s.m.m.a.RequestMappingHandlerMapping : Mapped "{[/users/user],methods=[GET]}" onto public java.util.List net.cloudcentrik.dagenslunch.user.UserController.listUser()
2018-05-01 23:54:29.107  INFO 702 --- [main] s.w.s.m.m.a.RequestMappingHandlerMapping : Mapped "{[/users/user/{id}],methods=[DELETE]}" onto public java.lang.String net.cloudcentrik.dagenslunch.user.UserController.delete(java.lang.String)
2018-05-01 23:54:29.108  INFO 702 --- [main] s.w.s.m.m.a.RequestMappingHandlerMapping : Mapped "{[/users/user],methods=[POST]}" onto public net.cloudcentrik.dagenslunch.user.User net.cloudcentrik.dagenslunch.user.UserController.create(net.cloudcentrik.dagenslunch.user.User)
2018-05-01 23:54:29.110  INFO 702 --- [main] s.w.s.m.m.a.RequestMappingHandlerMapping : Mapped "{[/error],produces=[text/html]}" onto public org.springframework.web.servlet.ModelAndView org.springframework.boot.autoconfigure.web.BasicErrorController.errorHtml(javax.servlet.http.HttpServletRequest,javax.servlet.http.HttpServletResponse)
2018-05-01 23:54:29.110  INFO 702 --- [main] s.w.s.m.m.a.RequestMappingHandlerMapping : Mapped "{[/error]}" onto public org.springframework.http.ResponseEntity<java.util.Map<java.lang.String, java.lang.Object>> org.springframework.boot.autoconfigure.web.BasicErrorController.error(javax.servlet.http.HttpServletRequest)
2018-05-01 23:54:29.155  INFO 702 --- [main] o.s.w.s.handler.SimpleUrlHandlerMapping  : Mapped URL path [/webjars/**] onto handler of type [class org.springframework.web.servlet.resource.ResourceHttpRequestHandler]
2018-05-01 23:54:29.155  INFO 702 --- [main] o.s.w.s.handler.SimpleUrlHandlerMapping  : Mapped URL path [/**] onto handler of type [class org.springframework.web.servlet.resource.ResourceHttpRequestHandler]
2018-05-01 23:54:29.174  INFO 702 --- [main] .m.m.a.ExceptionHandlerExceptionResolver : Detected @ExceptionHandler methods in exceptionHandlingController
2018-05-01 23:54:29.201  INFO 702 --- [main] o.s.w.s.handler.SimpleUrlHandlerMapping  : Mapped URL path [/**/favicon.ico] onto handler of type [class org.springframework.web.servlet.resource.ResourceHttpRequestHandler]
2018-05-01 23:54:29.438  INFO 702 --- [main] o.s.ui.freemarker.SpringTemplateLoader   : SpringTemplateLoader for FreeMarker: using resource loader [org.springframework.web.context.support.GenericWebApplicationContext@6253c26: startup date [Tue May 01 23:54:24 CEST 2018]; root of context hierarchy] and template loader path [classpath:/templates/]
2018-05-01 23:54:29.438  INFO 702 --- [main] o.s.w.s.v.f.FreeMarkerConfigurer         : ClassTemplateLoader for Spring macros added to FreeMarker configuration
2018-05-01 23:54:29.462  WARN 702 --- [main] o.s.b.a.f.FreeMarkerAutoConfiguration    : Cannot find template location(s): [classpath:/templates/] (please add some templates, check your FreeMarker configuration, or set spring.freemarker.checkTemplateLocation=false)
2018-05-01 23:54:29.645  INFO 702 --- [main] n.c.d.DagenslunchApplicationTests        : Started DagenslunchApplicationTests in 5.031 seconds (JVM running for 5.644)
2018-05-01 23:54:29.685  INFO 702 --- [Thread-3] o.s.w.c.s.GenericWebApplicationContext   : Closing org.springframework.web.context.support.GenericWebApplicationContext@6253c26: startup date [Tue May 01 23:54:24 CEST 2018]; root of context hierarchy
2018-05-01 23:54:29.690  INFO 702 --- [Thread-3] j.LocalContainerEntityManagerFactoryBean : Closing JPA EntityManagerFactory for persistence unit 'default'
2018-05-01 23:59:34.433  INFO 917 --- [main] n.c.d.DagenslunchApplicationTests        : Starting DagenslunchApplicationTests on cloudcentrik.home with PID 917 (started by ismail in /home/ismail/my_project/cloudcentrik/dagenslunch-server-spring-boot/dagenslunch)
2018-05-01 23:59:34.434  INFO 917 --- [main] n.c.d.DagenslunchApplicationTests        : No active profile set, falling back to default profiles: default
2018-05-01 23:59:34.476  INFO 917 --- [main] o.s.w.c.s.GenericWebApplicationContext   : Refreshing org.springframework.web.context.support.GenericWebApplicationContext@6253c26: startup date [Tue May 01 23:59:34 CEST 2018]; root of context hierarchy
2018-05-01 23:59:35.555  INFO 917 --- [main] f.a.AutowiredAnnotationBeanPostProcessor : JSR-330 'javax.inject.Inject' annotation found and supported for autowiring
2018-05-01 23:59:35.673  INFO 917 --- [main] trationDelegate$BeanPostProcessorChecker : Bean 'org.springframework.transaction.annotation.ProxyTransactionManagementConfiguration' of type [org.springframework.transaction.annotation.ProxyTransactionManagementConfiguration$$EnhancerBySpringCGLIB$$65ccf12] is not eligible for getting processed by all BeanPostProcessors (for example: not eligible for auto-proxying)
2018-05-01 23:59:35.723  INFO 917 --- [main] trationDelegate$BeanPostProcessorChecker : Bean 'org.springframework.security.config.annotation.configuration.ObjectPostProcessorConfiguration' of type [org.springframework.security.config.annotation.configuration.ObjectPostProcessorConfiguration$$EnhancerBySpringCGLIB$$9f0a974c] is not eligible for getting processed by all BeanPostProcessors (for example: not eligible for auto-proxying)
2018-05-01 23:59:35.733  INFO 917 --- [main] trationDelegate$BeanPostProcessorChecker : Bean 'objectPostProcessor' of type [org.springframework.security.config.annotation.configuration.AutowireBeanFactoryObjectPostProcessor] is not eligible for getting processed by all BeanPostProcessors (for example: not eligible for auto-proxying)
2018-05-01 23:59:35.735  INFO 917 --- [main] trationDelegate$BeanPostProcessorChecker : Bean 'org.springframework.security.access.expression.method.DefaultMethodSecurityExpressionHandler@ccd1bc3' of type [org.springframework.security.oauth2.provider.expression.OAuth2MethodSecurityExpressionHandler] is not eligible for getting processed by all BeanPostProcessors (for example: not eligible for auto-proxying)
2018-05-01 23:59:35.743  INFO 917 --- [main] trationDelegate$BeanPostProcessorChecker : Bean 'org.springframework.security.config.annotation.method.configuration.GlobalMethodSecurityConfiguration' of type [org.springframework.security.config.annotation.method.configuration.GlobalMethodSecurityConfiguration$$EnhancerBySpringCGLIB$$c3df39fe] is not eligible for getting processed by all BeanPostProcessors (for example: not eligible for auto-proxying)
2018-05-01 23:59:35.753  INFO 917 --- [main] trationDelegate$BeanPostProcessorChecker : Bean 'methodSecurityMetadataSource' of type [org.springframework.security.access.method.DelegatingMethodSecurityMetadataSource] is not eligible for getting processed by all BeanPostProcessors (for example: not eligible for auto-proxying)
2018-05-01 23:59:35.848  INFO 917 --- [main] trationDelegate$BeanPostProcessorChecker : Bean 'security.oauth2.client-org.springframework.boot.autoconfigure.security.oauth2.OAuth2ClientProperties' of type [org.springframework.boot.autoconfigure.security.oauth2.OAuth2ClientProperties] is not eligible for getting processed by all BeanPostProcessors (for example: not eligible for auto-proxying)
2018-05-01 23:59:35.853  INFO 917 --- [main] trationDelegate$BeanPostProcessorChecker : Bean 'org.springframework.boot.autoconfigure.security.oauth2.OAuth2AutoConfiguration' of type [org.springframework.boot.autoconfigure.security.oauth2.OAuth2AutoConfiguration$$EnhancerBySpringCGLIB$$bda68b12] is not eligible for getting processed by all BeanPostProcessors (for example: not eligible for auto-proxying)
2018-05-01 23:59:35.870  INFO 917 --- [main] trationDelegate$BeanPostProcessorChecker : Bean 'resourceServerProperties' of type [org.springframework.boot.autoconfigure.security.oauth2.resource.ResourceServerProperties] is not eligible for getting processed by all BeanPostProcessors (for example: not eligible for auto-proxying)
2018-05-01 23:59:36.284  INFO 917 --- [main] j.LocalContainerEntityManagerFactoryBean : Building JPA container EntityManagerFactory for persistence unit 'default'
2018-05-01 23:59:36.298  INFO 917 --- [main] o.hibernate.jpa.internal.util.LogHelper  : HHH000204: Processing PersistenceUnitInfo [
	name: default
	...]
2018-05-01 23:59:36.353  INFO 917 --- [main] org.hibernate.Version                    : HHH000412: Hibernate Core {5.0.12.Final}
2018-05-01 23:59:36.355  INFO 917 --- [main] org.hibernate.cfg.Environment            : HHH000206: hibernate.properties not found
2018-05-01 23:59:36.356  INFO 917 --- [main] org.hibernate.cfg.Environment            : HHH000021: Bytecode provider name : javassist
2018-05-01 23:59:36.402  INFO 917 --- [main] o.hibernate.annotations.common.Version   : HCANN000001: Hibernate Commons Annotations {5.0.1.Final}
2018-05-01 23:59:36.486  INFO 917 --- [main] org.hibernate.dialect.Dialect            : HHH000400: Using dialect: org.hibernate.dialect.PostgreSQL9Dialect
2018-05-01 23:59:36.589  INFO 917 --- [main] o.h.e.j.e.i.LobCreatorBuilderImpl        : HHH000424: Disabling contextual LOB creation as createClob() method threw error : java.lang.reflect.InvocationTargetException
2018-05-01 23:59:36.590  INFO 917 --- [main] org.hibernate.type.BasicTypeRegistry     : HHH000270: Type registration [java.util.UUID] overrides previous : org.hibernate.type.UUIDBinaryType@3408f695
2018-05-01 23:59:36.932  INFO 917 --- [main] org.hibernate.tool.hbm2ddl.SchemaUpdate  : HHH000228: Running hbm2ddl schema update
2018-05-01 23:59:37.007  INFO 917 --- [main] j.LocalContainerEntityManagerFactoryBean : Initialized JPA EntityManagerFactory for persistence unit 'default'
2018-05-01 23:59:37.232  INFO 917 --- [main] o.h.h.i.QueryTranslatorFactoryInitiator  : HHH000397: Using ASTQueryTranslatorFactory
2018-05-01 23:59:37.774  INFO 917 --- [main] .s.o.p.e.FrameworkEndpointHandlerMapping : Mapped "{[/oauth/authorize]}" onto public org.springframework.web.servlet.ModelAndView org.springframework.security.oauth2.provider.endpoint.AuthorizationEndpoint.authorize(java.util.Map<java.lang.String, java.lang.Object>,java.util.Map<java.lang.String, java.lang.String>,org.springframework.web.bind.support.SessionStatus,java.security.Principal)
2018-05-01 23:59:37.776  INFO 917 --- [main] .s.o.p.e.FrameworkEndpointHandlerMapping : Mapped "{[/oauth/authorize],methods=[POST],params=[user_oauth_approval]}" onto public org.springframework.web.servlet.View org.springframework.security.oauth2.provider.endpoint.AuthorizationEndpoint.approveOrDeny(java.util.Map<java.lang.String, java.lang.String>,java.util.Map<java.lang.String, ?>,org.springframework.web.bind.support.SessionStatus,java.security.Principal)
2018-05-01 23:59:37.777  INFO 917 --- [main] .s.o.p.e.FrameworkEndpointHandlerMapping : Mapped "{[/oauth/token],methods=[GET]}" onto public org.springframework.http.ResponseEntity<org.springframework.security.oauth2.common.OAuth2AccessToken> org.springframework.security.oauth2.provider.endpoint.TokenEndpoint.getAccessToken(java.security.Principal,java.util.Map<java.lang.String, java.lang.String>) throws org.springframework.web.HttpRequestMethodNotSupportedException
2018-05-01 23:59:37.777  INFO 917 --- [main] .s.o.p.e.FrameworkEndpointHandlerMapping : Mapped "{[/oauth/token],methods=[POST]}" onto public org.springframework.http.ResponseEntity<org.springframework.security.oauth2.common.OAuth2AccessToken> org.springframework.security.oauth2.provider.endpoint.TokenEndpoint.postAccessToken(java.security.Principal,java.util.Map<java.lang.String, java.lang.String>) throws org.springframework.web.HttpRequestMethodNotSupportedException
2018-05-01 23:59:37.778  INFO 917 --- [main] .s.o.p.e.FrameworkEndpointHandlerMapping : Mapped "{[/oauth/check_token]}" onto public java.util.Map<java.lang.String, ?> org.springframework.security.oauth2.provider.endpoint.CheckTokenEndpoint.checkToken(java.lang.String)
2018-05-01 23:59:37.778  INFO 917 --- [main] .s.o.p.e.FrameworkEndpointHandlerMapping : Mapped "{[/oauth/confirm_access]}" onto public org.springframework.web.servlet.ModelAndView org.springframework.security.oauth2.provider.endpoint.WhitelabelApprovalEndpoint.getAccessConfirmation(java.util.Map<java.lang.String, java.lang.Object>,javax.servlet.http.HttpServletRequest) throws java.lang.Exception
2018-05-01 23:59:37.778  INFO 917 --- [main] .s.o.p.e.FrameworkEndpointHandlerMapping : Mapped "{[/oauth/error]}" onto public org.springframework.web.servlet.ModelAndView org.springframework.security.oauth2.provider.endpoint.WhitelabelErrorEndpoint.handleError(javax.servlet.http.HttpServletRequest)
2018-05-01 23:59:38.179  INFO 917 --- [main] o.s.s.web.DefaultSecurityFilterChain     : Creating filter chain: OrRequestMatcher [requestMatchers=[Ant [pattern='/oauth/token'], Ant [pattern='/oauth/token_key'], Ant [pattern='/oauth/check_token']]], [org.springframework.security.web.context.request.async.WebAsyncManagerIntegrationFilter@6326c5ec, org.springframework.security.web.context.SecurityContextPersistenceFilter@6fde6f05, org.springframework.security.web.header.HeaderWriterFilter@406ad6d5, org.springframework.security.web.authentication.logout.LogoutFilter@4b691611, org.springframework.security.web.authentication.www.BasicAuthenticationFilter@7ab33ca8, org.springframework.security.web.savedrequest.RequestCacheAwareFilter@4def42c3, org.springframework.security.web.servletapi.SecurityContextHolderAwareRequestFilter@55fb36de, org.springframework.security.web.authentication.AnonymousAuthenticationFilter@138a85d3, org.springframework.security.web.session.SessionManagementFilter@731db93f, org.springframework.security.web.access.ExceptionTranslationFilter@333d44f6, org.springframework.security.web.access.intercept.FilterSecurityInterceptor@5fd18419]
2018-05-01 23:59:38.182  INFO 917 --- [main] o.s.s.web.DefaultSecurityFilterChain     : Creating filter chain: org.springframework.security.web.util.matcher.AnyRequestMatcher@1, [org.springframework.security.web.context.request.async.WebAsyncManagerIntegrationFilter@4beae1e3, org.springframework.security.web.context.SecurityContextPersistenceFilter@3e8b8f0, org.springframework.security.web.header.HeaderWriterFilter@59933644, org.springframework.security.web.authentication.logout.LogoutFilter@4ad896f7, org.springframework.security.web.savedrequest.RequestCacheAwareFilter@5ad57e90, org.springframework.security.web.servletapi.SecurityContextHolderAwareRequestFilter@1a345298, org.springframework.security.web.session.SessionManagementFilter@67e6eb52, org.springframework.security.web.access.ExceptionTranslationFilter@5731caaf, org.springframework.security.web.access.intercept.FilterSecurityInterceptor@4b98225c]
2018-05-01 23:59:38.196  INFO 917 --- [main] o.s.s.web.DefaultSecurityFilterChain     : Creating filter chain: org.springframework.security.oauth2.config.annotation.web.configuration.ResourceServerConfiguration$NotOAuthRequestMatcher@56b9d43f, [org.springframework.security.web.context.request.async.WebAsyncManagerIntegrationFilter@2d913116, org.springframework.security.web.context.SecurityContextPersistenceFilter@4e4d0a0b, org.springframework.security.web.header.HeaderWriterFilter@77e9dca8, org.springframework.security.web.authentication.logout.LogoutFilter@44abdb1f, org.springframework.security.oauth2.provider.authentication.OAuth2AuthenticationProcessingFilter@65753724, org.springframework.security.web.savedrequest.RequestCacheAwareFilter@1a4083f6, org.springframework.security.web.servletapi.SecurityContextHolderAwareRequestFilter@23f5008a, org.springframework.security.web.session.SessionManagementFilter@fcd0e8d, org.springframework.security.web.access.ExceptionTranslationFilter@655621fd, org.springframework.security.web.access.intercept.FilterSecurityInterceptor@6c27e700]
2018-05-01 23:59:38.603  INFO 917 --- [main] s.w.s.m.m.a.RequestMappingHandlerAdapter : Looking for @ControllerAdvice: org.springframework.web.context.support.GenericWebApplicationContext@6253c26: startup date [Tue May 01 23:59:34 CEST 2018]; root of context hierarchy
2018-05-01 23:59:38.661  INFO 917 --- [main] s.w.s.m.m.a.RequestMappingHandlerMapping : Mapped "{[/api/people],methods=[GET]}" onto public java.util.List<net.cloudcentrik.dagenslunch.model.People> net.cloudcentrik.dagenslunch.controller.PeopleController.retrieveAllPeoples()
2018-05-01 23:59:38.661  INFO 917 --- [main] s.w.s.m.m.a.RequestMappingHandlerMapping : Mapped "{[/api/people],methods=[POST]}" onto public net.cloudcentrik.dagenslunch.model.People net.cloudcentrik.dagenslunch.controller.PeopleController.createPeople(net.cloudcentrik.dagenslunch.model.People)
2018-05-01 23:59:38.661  INFO 917 --- [main] s.w.s.m.m.a.RequestMappingHandlerMapping : Mapped "{[/api/people/{id}],methods=[POST]}" onto public int net.cloudcentrik.dagenslunch.controller.PeopleController.updatePeople(java.lang.Long,net.cloudcentrik.dagenslunch.model.People)
2018-05-01 23:59:38.661  INFO 917 --- [main] s.w.s.m.m.a.RequestMappingHandlerMapping : Mapped "{[/api/people/{id}],methods=[GET]}" onto public net.cloudcentrik.dagenslunch.model.People net.cloudcentrik.dagenslunch.controller.PeopleController.getPeopleById(java.lang.Long)
2018-05-01 23:59:38.662  INFO 917 --- [main] s.w.s.m.m.a.RequestMappingHandlerMapping : Mapped "{[/api/people/{id}],methods=[DELETE]}" onto public void net.cloudcentrik.dagenslunch.controller.PeopleController.deletePeopleById(long)
2018-05-01 23:59:38.662  INFO 917 --- [main] s.w.s.m.m.a.RequestMappingHandlerMapping : Mapped "{[/api/people/title/{title}],methods=[GET]}" onto public net.cloudcentrik.dagenslunch.model.People net.cloudcentrik.dagenslunch.controller.PeopleController.findByJobTitle(java.lang.String)
2018-05-01 23:59:38.663  INFO 917 --- [main] s.w.s.m.m.a.RequestMappingHandlerMapping : Mapped "{[/users/user],methods=[GET]}" onto public java.util.List net.cloudcentrik.dagenslunch.user.UserController.listUser()
2018-05-01 23:59:38.663  INFO 917 --- [main] s.w.s.m.m.a.RequestMappingHandlerMapping : Mapped "{[/users/user/{id}],methods=[DELETE]}" onto public java.lang.String net.cloudcentrik.dagenslunch.user.UserController.delete(java.lang.String)
2018-05-01 23:59:38.663  INFO 917 --- [main] s.w.s.m.m.a.RequestMappingHandlerMapping : Mapped "{[/users/user],methods=[POST]}" onto public net.cloudcentrik.dagenslunch.user.User net.cloudcentrik.dagenslunch.user.UserController.create(net.cloudcentrik.dagenslunch.user.User)
2018-05-01 23:59:38.665  INFO 917 --- [main] s.w.s.m.m.a.RequestMappingHandlerMapping : Mapped "{[/error],produces=[text/html]}" onto public org.springframework.web.servlet.ModelAndView org.springframework.boot.autoconfigure.web.BasicErrorController.errorHtml(javax.servlet.http.HttpServletRequest,javax.servlet.http.HttpServletResponse)
2018-05-01 23:59:38.665  INFO 917 --- [main] s.w.s.m.m.a.RequestMappingHandlerMapping : Mapped "{[/error]}" onto public org.springframework.http.ResponseEntity<java.util.Map<java.lang.String, java.lang.Object>> org.springframework.boot.autoconfigure.web.BasicErrorController.error(javax.servlet.http.HttpServletRequest)
2018-05-01 23:59:38.709  INFO 917 --- [main] o.s.w.s.handler.SimpleUrlHandlerMapping  : Mapped URL path [/webjars/**] onto handler of type [class org.springframework.web.servlet.resource.ResourceHttpRequestHandler]
2018-05-01 23:59:38.710  INFO 917 --- [main] o.s.w.s.handler.SimpleUrlHandlerMapping  : Mapped URL path [/**] onto handler of type [class org.springframework.web.servlet.resource.ResourceHttpRequestHandler]
2018-05-01 23:59:38.728  INFO 917 --- [main] .m.m.a.ExceptionHandlerExceptionResolver : Detected @ExceptionHandler methods in exceptionHandlingController
2018-05-01 23:59:38.757  INFO 917 --- [main] o.s.w.s.handler.SimpleUrlHandlerMapping  : Mapped URL path [/**/favicon.ico] onto handler of type [class org.springframework.web.servlet.resource.ResourceHttpRequestHandler]
2018-05-01 23:59:39.013  INFO 917 --- [main] o.s.ui.freemarker.SpringTemplateLoader   : SpringTemplateLoader for FreeMarker: using resource loader [org.springframework.web.context.support.GenericWebApplicationContext@6253c26: startup date [Tue May 01 23:59:34 CEST 2018]; root of context hierarchy] and template loader path [classpath:/templates/]
2018-05-01 23:59:39.014  INFO 917 --- [main] o.s.w.s.v.f.FreeMarkerConfigurer         : ClassTemplateLoader for Spring macros added to FreeMarker configuration
2018-05-01 23:59:39.039  WARN 917 --- [main] o.s.b.a.f.FreeMarkerAutoConfiguration    : Cannot find template location(s): [classpath:/templates/] (please add some templates, check your FreeMarker configuration, or set spring.freemarker.checkTemplateLocation=false)
2018-05-01 23:59:39.215  INFO 917 --- [main] n.c.d.DagenslunchApplicationTests        : Started DagenslunchApplicationTests in 5.011 seconds (JVM running for 5.604)
2018-05-01 23:59:39.271  INFO 917 --- [Thread-3] o.s.w.c.s.GenericWebApplicationContext   : Closing org.springframework.web.context.support.GenericWebApplicationContext@6253c26: startup date [Tue May 01 23:59:34 CEST 2018]; root of context hierarchy
2018-05-01 23:59:39.282  INFO 917 --- [Thread-3] j.LocalContainerEntityManagerFactoryBean : Closing JPA EntityManagerFactory for persistence unit 'default'
2018-05-02 00:02:19.635  INFO 1091 --- [main] n.c.d.DagenslunchApplicationTests        : Starting DagenslunchApplicationTests on cloudcentrik.home with PID 1091 (started by ismail in /home/ismail/my_project/cloudcentrik/dagenslunch-server-spring-boot/dagenslunch)
2018-05-02 00:02:19.636  INFO 1091 --- [main] n.c.d.DagenslunchApplicationTests        : No active profile set, falling back to default profiles: default
2018-05-02 00:02:19.690  INFO 1091 --- [main] o.s.w.c.s.GenericWebApplicationContext   : Refreshing org.springframework.web.context.support.GenericWebApplicationContext@6253c26: startup date [Wed May 02 00:02:19 CEST 2018]; root of context hierarchy
2018-05-02 00:02:20.754  INFO 1091 --- [main] f.a.AutowiredAnnotationBeanPostProcessor : JSR-330 'javax.inject.Inject' annotation found and supported for autowiring
2018-05-02 00:02:20.868  INFO 1091 --- [main] trationDelegate$BeanPostProcessorChecker : Bean 'org.springframework.transaction.annotation.ProxyTransactionManagementConfiguration' of type [org.springframework.transaction.annotation.ProxyTransactionManagementConfiguration$$EnhancerBySpringCGLIB$$58e20e5f] is not eligible for getting processed by all BeanPostProcessors (for example: not eligible for auto-proxying)
2018-05-02 00:02:20.921  INFO 1091 --- [main] trationDelegate$BeanPostProcessorChecker : Bean 'org.springframework.security.config.annotation.configuration.ObjectPostProcessorConfiguration' of type [org.springframework.security.config.annotation.configuration.ObjectPostProcessorConfiguration$$EnhancerBySpringCGLIB$$f18fd699] is not eligible for getting processed by all BeanPostProcessors (for example: not eligible for auto-proxying)
2018-05-02 00:02:20.930  INFO 1091 --- [main] trationDelegate$BeanPostProcessorChecker : Bean 'objectPostProcessor' of type [org.springframework.security.config.annotation.configuration.AutowireBeanFactoryObjectPostProcessor] is not eligible for getting processed by all BeanPostProcessors (for example: not eligible for auto-proxying)
2018-05-02 00:02:20.933  INFO 1091 --- [main] trationDelegate$BeanPostProcessorChecker : Bean 'org.springframework.security.access.expression.method.DefaultMethodSecurityExpressionHandler@15923407' of type [org.springframework.security.oauth2.provider.expression.OAuth2MethodSecurityExpressionHandler] is not eligible for getting processed by all BeanPostProcessors (for example: not eligible for auto-proxying)
2018-05-02 00:02:20.941  INFO 1091 --- [main] trationDelegate$BeanPostProcessorChecker : Bean 'org.springframework.security.config.annotation.method.configuration.GlobalMethodSecurityConfiguration' of type [org.springframework.security.config.annotation.method.configuration.GlobalMethodSecurityConfiguration$$EnhancerBySpringCGLIB$$1664794b] is not eligible for getting processed by all BeanPostProcessors (for example: not eligible for auto-proxying)
2018-05-02 00:02:20.951  INFO 1091 --- [main] trationDelegate$BeanPostProcessorChecker : Bean 'methodSecurityMetadataSource' of type [org.springframework.security.access.method.DelegatingMethodSecurityMetadataSource] is not eligible for getting processed by all BeanPostProcessors (for example: not eligible for auto-proxying)
2018-05-02 00:02:21.030  INFO 1091 --- [main] trationDelegate$BeanPostProcessorChecker : Bean 'security.oauth2.client-org.springframework.boot.autoconfigure.security.oauth2.OAuth2ClientProperties' of type [org.springframework.boot.autoconfigure.security.oauth2.OAuth2ClientProperties] is not eligible for getting processed by all BeanPostProcessors (for example: not eligible for auto-proxying)
2018-05-02 00:02:21.034  INFO 1091 --- [main] trationDelegate$BeanPostProcessorChecker : Bean 'org.springframework.boot.autoconfigure.security.oauth2.OAuth2AutoConfiguration' of type [org.springframework.boot.autoconfigure.security.oauth2.OAuth2AutoConfiguration$$EnhancerBySpringCGLIB$$102bca5f] is not eligible for getting processed by all BeanPostProcessors (for example: not eligible for auto-proxying)
2018-05-02 00:02:21.053  INFO 1091 --- [main] trationDelegate$BeanPostProcessorChecker : Bean 'resourceServerProperties' of type [org.springframework.boot.autoconfigure.security.oauth2.resource.ResourceServerProperties] is not eligible for getting processed by all BeanPostProcessors (for example: not eligible for auto-proxying)
2018-05-02 00:02:21.567  INFO 1091 --- [main] j.LocalContainerEntityManagerFactoryBean : Building JPA container EntityManagerFactory for persistence unit 'default'
2018-05-02 00:02:21.583  INFO 1091 --- [main] o.hibernate.jpa.internal.util.LogHelper  : HHH000204: Processing PersistenceUnitInfo [
	name: default
	...]
2018-05-02 00:02:21.650  INFO 1091 --- [main] org.hibernate.Version                    : HHH000412: Hibernate Core {5.0.12.Final}
2018-05-02 00:02:21.652  INFO 1091 --- [main] org.hibernate.cfg.Environment            : HHH000206: hibernate.properties not found
2018-05-02 00:02:21.654  INFO 1091 --- [main] org.hibernate.cfg.Environment            : HHH000021: Bytecode provider name : javassist
2018-05-02 00:02:21.691  INFO 1091 --- [main] o.hibernate.annotations.common.Version   : HCANN000001: Hibernate Commons Annotations {5.0.1.Final}
2018-05-02 00:02:21.779  INFO 1091 --- [main] org.hibernate.dialect.Dialect            : HHH000400: Using dialect: org.hibernate.dialect.PostgreSQL9Dialect
2018-05-02 00:02:21.892  INFO 1091 --- [main] o.h.e.j.e.i.LobCreatorBuilderImpl        : HHH000424: Disabling contextual LOB creation as createClob() method threw error : java.lang.reflect.InvocationTargetException
2018-05-02 00:02:21.894  INFO 1091 --- [main] org.hibernate.type.BasicTypeRegistry     : HHH000270: Type registration [java.util.UUID] overrides previous : org.hibernate.type.UUIDBinaryType@20a967fe
2018-05-02 00:02:22.306  INFO 1091 --- [main] org.hibernate.tool.hbm2ddl.SchemaUpdate  : HHH000228: Running hbm2ddl schema update
2018-05-02 00:02:22.397  INFO 1091 --- [main] j.LocalContainerEntityManagerFactoryBean : Initialized JPA EntityManagerFactory for persistence unit 'default'
2018-05-02 00:02:22.634  INFO 1091 --- [main] o.h.h.i.QueryTranslatorFactoryInitiator  : HHH000397: Using ASTQueryTranslatorFactory
2018-05-02 00:02:23.200  INFO 1091 --- [main] .s.o.p.e.FrameworkEndpointHandlerMapping : Mapped "{[/oauth/authorize]}" onto public org.springframework.web.servlet.ModelAndView org.springframework.security.oauth2.provider.endpoint.AuthorizationEndpoint.authorize(java.util.Map<java.lang.String, java.lang.Object>,java.util.Map<java.lang.String, java.lang.String>,org.springframework.web.bind.support.SessionStatus,java.security.Principal)
2018-05-02 00:02:23.202  INFO 1091 --- [main] .s.o.p.e.FrameworkEndpointHandlerMapping : Mapped "{[/oauth/authorize],methods=[POST],params=[user_oauth_approval]}" onto public org.springframework.web.servlet.View org.springframework.security.oauth2.provider.endpoint.AuthorizationEndpoint.approveOrDeny(java.util.Map<java.lang.String, java.lang.String>,java.util.Map<java.lang.String, ?>,org.springframework.web.bind.support.SessionStatus,java.security.Principal)
2018-05-02 00:02:23.203  INFO 1091 --- [main] .s.o.p.e.FrameworkEndpointHandlerMapping : Mapped "{[/oauth/token],methods=[POST]}" onto public org.springframework.http.ResponseEntity<org.springframework.security.oauth2.common.OAuth2AccessToken> org.springframework.security.oauth2.provider.endpoint.TokenEndpoint.postAccessToken(java.security.Principal,java.util.Map<java.lang.String, java.lang.String>) throws org.springframework.web.HttpRequestMethodNotSupportedException
2018-05-02 00:02:23.204  INFO 1091 --- [main] .s.o.p.e.FrameworkEndpointHandlerMapping : Mapped "{[/oauth/token],methods=[GET]}" onto public org.springframework.http.ResponseEntity<org.springframework.security.oauth2.common.OAuth2AccessToken> org.springframework.security.oauth2.provider.endpoint.TokenEndpoint.getAccessToken(java.security.Principal,java.util.Map<java.lang.String, java.lang.String>) throws org.springframework.web.HttpRequestMethodNotSupportedException
2018-05-02 00:02:23.205  INFO 1091 --- [main] .s.o.p.e.FrameworkEndpointHandlerMapping : Mapped "{[/oauth/check_token]}" onto public java.util.Map<java.lang.String, ?> org.springframework.security.oauth2.provider.endpoint.CheckTokenEndpoint.checkToken(java.lang.String)
2018-05-02 00:02:23.205  INFO 1091 --- [main] .s.o.p.e.FrameworkEndpointHandlerMapping : Mapped "{[/oauth/confirm_access]}" onto public org.springframework.web.servlet.ModelAndView org.springframework.security.oauth2.provider.endpoint.WhitelabelApprovalEndpoint.getAccessConfirmation(java.util.Map<java.lang.String, java.lang.Object>,javax.servlet.http.HttpServletRequest) throws java.lang.Exception
2018-05-02 00:02:23.206  INFO 1091 --- [main] .s.o.p.e.FrameworkEndpointHandlerMapping : Mapped "{[/oauth/error]}" onto public org.springframework.web.servlet.ModelAndView org.springframework.security.oauth2.provider.endpoint.WhitelabelErrorEndpoint.handleError(javax.servlet.http.HttpServletRequest)
2018-05-02 00:02:23.618  INFO 1091 --- [main] o.s.s.web.DefaultSecurityFilterChain     : Creating filter chain: OrRequestMatcher [requestMatchers=[Ant [pattern='/oauth/token'], Ant [pattern='/oauth/token_key'], Ant [pattern='/oauth/check_token']]], [org.springframework.security.web.context.request.async.WebAsyncManagerIntegrationFilter@4beae1e3, org.springframework.security.web.context.SecurityContextPersistenceFilter@320ff86f, org.springframework.security.web.header.HeaderWriterFilter@38d525aa, org.springframework.security.web.authentication.logout.LogoutFilter@3688baab, org.springframework.security.web.authentication.www.BasicAuthenticationFilter@4ad896f7, org.springframework.security.web.savedrequest.RequestCacheAwareFilter@84f51d9, org.springframework.security.web.servletapi.SecurityContextHolderAwareRequestFilter@7d64a960, org.springframework.security.web.authentication.AnonymousAuthenticationFilter@3c488b34, org.springframework.security.web.session.SessionManagementFilter@7bfa1eb5, org.springframework.security.web.access.ExceptionTranslationFilter@205159dc, org.springframework.security.web.access.intercept.FilterSecurityInterceptor@7a2a7492]
2018-05-02 00:02:23.623  INFO 1091 --- [main] o.s.s.web.DefaultSecurityFilterChain     : Creating filter chain: org.springframework.security.web.util.matcher.AnyRequestMatcher@1, [org.springframework.security.web.context.request.async.WebAsyncManagerIntegrationFilter@62108cd3, org.springframework.security.web.context.SecurityContextPersistenceFilter@65a48cab, org.springframework.security.web.header.HeaderWriterFilter@5408d4b3, org.springframework.security.web.authentication.logout.LogoutFilter@fcd0e8d, org.springframework.security.web.savedrequest.RequestCacheAwareFilter@655621fd, org.springframework.security.web.servletapi.SecurityContextHolderAwareRequestFilter@77e9dca8, org.springframework.security.web.session.SessionManagementFilter@eded048, org.springframework.security.web.access.ExceptionTranslationFilter@5aab5b31, org.springframework.security.web.access.intercept.FilterSecurityInterceptor@44abdb1f]
2018-05-02 00:02:23.640  INFO 1091 --- [main] o.s.s.web.DefaultSecurityFilterChain     : Creating filter chain: org.springframework.security.oauth2.config.annotation.web.configuration.ResourceServerConfiguration$NotOAuthRequestMatcher@714f1a44, [org.springframework.security.web.context.request.async.WebAsyncManagerIntegrationFilter@3c09a350, org.springframework.security.web.context.SecurityContextPersistenceFilter@657b3b, org.springframework.security.web.header.HeaderWriterFilter@6f24ce45, org.springframework.security.web.authentication.logout.LogoutFilter@2bc16fe2, org.springframework.security.oauth2.provider.authentication.OAuth2AuthenticationProcessingFilter@41582899, org.springframework.security.web.savedrequest.RequestCacheAwareFilter@2cea921a, org.springframework.security.web.servletapi.SecurityContextHolderAwareRequestFilter@65753724, org.springframework.security.web.session.SessionManagementFilter@e881e46, org.springframework.security.web.access.ExceptionTranslationFilter@2bb0e277, org.springframework.security.web.access.intercept.FilterSecurityInterceptor@77ecdc2b]
2018-05-02 00:02:24.092  INFO 1091 --- [main] s.w.s.m.m.a.RequestMappingHandlerAdapter : Looking for @ControllerAdvice: org.springframework.web.context.support.GenericWebApplicationContext@6253c26: startup date [Wed May 02 00:02:19 CEST 2018]; root of context hierarchy
2018-05-02 00:02:24.160  INFO 1091 --- [main] s.w.s.m.m.a.RequestMappingHandlerMapping : Mapped "{[/api/people],methods=[GET]}" onto public java.util.List<net.cloudcentrik.dagenslunch.model.People> net.cloudcentrik.dagenslunch.controller.PeopleController.retrieveAllPeoples()
2018-05-02 00:02:24.160  INFO 1091 --- [main] s.w.s.m.m.a.RequestMappingHandlerMapping : Mapped "{[/api/people],methods=[POST]}" onto public net.cloudcentrik.dagenslunch.model.People net.cloudcentrik.dagenslunch.controller.PeopleController.createPeople(net.cloudcentrik.dagenslunch.model.People)
2018-05-02 00:02:24.161  INFO 1091 --- [main] s.w.s.m.m.a.RequestMappingHandlerMapping : Mapped "{[/api/people/{id}],methods=[POST]}" onto public int net.cloudcentrik.dagenslunch.controller.PeopleController.updatePeople(java.lang.Long,net.cloudcentrik.dagenslunch.model.People)
2018-05-02 00:02:24.161  INFO 1091 --- [main] s.w.s.m.m.a.RequestMappingHandlerMapping : Mapped "{[/api/people/{id}],methods=[GET]}" onto public net.cloudcentrik.dagenslunch.model.People net.cloudcentrik.dagenslunch.controller.PeopleController.getPeopleById(java.lang.Long)
2018-05-02 00:02:24.161  INFO 1091 --- [main] s.w.s.m.m.a.RequestMappingHandlerMapping : Mapped "{[/api/people/{id}],methods=[DELETE]}" onto public void net.cloudcentrik.dagenslunch.controller.PeopleController.deletePeopleById(long)
2018-05-02 00:02:24.161  INFO 1091 --- [main] s.w.s.m.m.a.RequestMappingHandlerMapping : Mapped "{[/api/people/title/{title}],methods=[GET]}" onto public net.cloudcentrik.dagenslunch.model.People net.cloudcentrik.dagenslunch.controller.PeopleController.findByJobTitle(java.lang.String)
2018-05-02 00:02:24.162  INFO 1091 --- [main] s.w.s.m.m.a.RequestMappingHandlerMapping : Mapped "{[/users/user],methods=[GET]}" onto public java.util.List net.cloudcentrik.dagenslunch.user.UserController.listUser()
2018-05-02 00:02:24.163  INFO 1091 --- [main] s.w.s.m.m.a.RequestMappingHandlerMapping : Mapped "{[/users/user/{id}],methods=[DELETE]}" onto public java.lang.String net.cloudcentrik.dagenslunch.user.UserController.delete(java.lang.String)
2018-05-02 00:02:24.163  INFO 1091 --- [main] s.w.s.m.m.a.RequestMappingHandlerMapping : Mapped "{[/users/user],methods=[POST]}" onto public net.cloudcentrik.dagenslunch.user.User net.cloudcentrik.dagenslunch.user.UserController.create(net.cloudcentrik.dagenslunch.user.User)
2018-05-02 00:02:24.165  INFO 1091 --- [main] s.w.s.m.m.a.RequestMappingHandlerMapping : Mapped "{[/error],produces=[text/html]}" onto public org.springframework.web.servlet.ModelAndView org.springframework.boot.autoconfigure.web.BasicErrorController.errorHtml(javax.servlet.http.HttpServletRequest,javax.servlet.http.HttpServletResponse)
2018-05-02 00:02:24.166  INFO 1091 --- [main] s.w.s.m.m.a.RequestMappingHandlerMapping : Mapped "{[/error]}" onto public org.springframework.http.ResponseEntity<java.util.Map<java.lang.String, java.lang.Object>> org.springframework.boot.autoconfigure.web.BasicErrorController.error(javax.servlet.http.HttpServletRequest)
2018-05-02 00:02:24.219  INFO 1091 --- [main] o.s.w.s.handler.SimpleUrlHandlerMapping  : Mapped URL path [/webjars/**] onto handler of type [class org.springframework.web.servlet.resource.ResourceHttpRequestHandler]
2018-05-02 00:02:24.219  INFO 1091 --- [main] o.s.w.s.handler.SimpleUrlHandlerMapping  : Mapped URL path [/**] onto handler of type [class org.springframework.web.servlet.resource.ResourceHttpRequestHandler]
2018-05-02 00:02:24.242  INFO 1091 --- [main] .m.m.a.ExceptionHandlerExceptionResolver : Detected @ExceptionHandler methods in exceptionHandlingController
2018-05-02 00:02:24.274  INFO 1091 --- [main] o.s.w.s.handler.SimpleUrlHandlerMapping  : Mapped URL path [/**/favicon.ico] onto handler of type [class org.springframework.web.servlet.resource.ResourceHttpRequestHandler]
2018-05-02 00:02:24.557  INFO 1091 --- [main] o.s.ui.freemarker.SpringTemplateLoader   : SpringTemplateLoader for FreeMarker: using resource loader [org.springframework.web.context.support.GenericWebApplicationContext@6253c26: startup date [Wed May 02 00:02:19 CEST 2018]; root of context hierarchy] and template loader path [classpath:/templates/]
2018-05-02 00:02:24.559  INFO 1091 --- [main] o.s.w.s.v.f.FreeMarkerConfigurer         : ClassTemplateLoader for Spring macros added to FreeMarker configuration
2018-05-02 00:02:24.594  WARN 1091 --- [main] o.s.b.a.f.FreeMarkerAutoConfiguration    : Cannot find template location(s): [classpath:/templates/] (please add some templates, check your FreeMarker configuration, or set spring.freemarker.checkTemplateLocation=false)
2018-05-02 00:02:24.813  INFO 1091 --- [main] n.c.d.DagenslunchApplicationTests        : Started DagenslunchApplicationTests in 5.437 seconds (JVM running for 6.057)
2018-05-02 00:02:24.882  INFO 1091 --- [Thread-3] o.s.w.c.s.GenericWebApplicationContext   : Closing org.springframework.web.context.support.GenericWebApplicationContext@6253c26: startup date [Wed May 02 00:02:19 CEST 2018]; root of context hierarchy
2018-05-02 00:02:24.896  INFO 1091 --- [Thread-3] j.LocalContainerEntityManagerFactoryBean : Closing JPA EntityManagerFactory for persistence unit 'default'
2018-05-02 00:04:54.248  INFO 1298 --- [main] n.c.d.DagenslunchApplicationTests        : Starting DagenslunchApplicationTests on cloudcentrik.home with PID 1298 (started by ismail in /home/ismail/my_project/cloudcentrik/dagenslunch-server-spring-boot/dagenslunch)
2018-05-02 00:04:54.249  INFO 1298 --- [main] n.c.d.DagenslunchApplicationTests        : No active profile set, falling back to default profiles: default
2018-05-02 00:04:54.280  INFO 1298 --- [main] o.s.w.c.s.GenericWebApplicationContext   : Refreshing org.springframework.web.context.support.GenericWebApplicationContext@6253c26: startup date [Wed May 02 00:04:54 CEST 2018]; root of context hierarchy
2018-05-02 00:04:55.287  INFO 1298 --- [main] f.a.AutowiredAnnotationBeanPostProcessor : JSR-330 'javax.inject.Inject' annotation found and supported for autowiring
2018-05-02 00:04:55.398  INFO 1298 --- [main] trationDelegate$BeanPostProcessorChecker : Bean 'org.springframework.transaction.annotation.ProxyTransactionManagementConfiguration' of type [org.springframework.transaction.annotation.ProxyTransactionManagementConfiguration$$EnhancerBySpringCGLIB$$58e20e5f] is not eligible for getting processed by all BeanPostProcessors (for example: not eligible for auto-proxying)
2018-05-02 00:04:55.454  INFO 1298 --- [main] trationDelegate$BeanPostProcessorChecker : Bean 'org.springframework.security.config.annotation.configuration.ObjectPostProcessorConfiguration' of type [org.springframework.security.config.annotation.configuration.ObjectPostProcessorConfiguration$$EnhancerBySpringCGLIB$$f18fd699] is not eligible for getting processed by all BeanPostProcessors (for example: not eligible for auto-proxying)
2018-05-02 00:04:55.462  INFO 1298 --- [main] trationDelegate$BeanPostProcessorChecker : Bean 'objectPostProcessor' of type [org.springframework.security.config.annotation.configuration.AutowireBeanFactoryObjectPostProcessor] is not eligible for getting processed by all BeanPostProcessors (for example: not eligible for auto-proxying)
2018-05-02 00:04:55.466  INFO 1298 --- [main] trationDelegate$BeanPostProcessorChecker : Bean 'org.springframework.security.access.expression.method.DefaultMethodSecurityExpressionHandler@15923407' of type [org.springframework.security.oauth2.provider.expression.OAuth2MethodSecurityExpressionHandler] is not eligible for getting processed by all BeanPostProcessors (for example: not eligible for auto-proxying)
2018-05-02 00:04:55.473  INFO 1298 --- [main] trationDelegate$BeanPostProcessorChecker : Bean 'org.springframework.security.config.annotation.method.configuration.GlobalMethodSecurityConfiguration' of type [org.springframework.security.config.annotation.method.configuration.GlobalMethodSecurityConfiguration$$EnhancerBySpringCGLIB$$1664794b] is not eligible for getting processed by all BeanPostProcessors (for example: not eligible for auto-proxying)
2018-05-02 00:04:55.483  INFO 1298 --- [main] trationDelegate$BeanPostProcessorChecker : Bean 'methodSecurityMetadataSource' of type [org.springframework.security.access.method.DelegatingMethodSecurityMetadataSource] is not eligible for getting processed by all BeanPostProcessors (for example: not eligible for auto-proxying)
2018-05-02 00:04:55.564  INFO 1298 --- [main] trationDelegate$BeanPostProcessorChecker : Bean 'security.oauth2.client-org.springframework.boot.autoconfigure.security.oauth2.OAuth2ClientProperties' of type [org.springframework.boot.autoconfigure.security.oauth2.OAuth2ClientProperties] is not eligible for getting processed by all BeanPostProcessors (for example: not eligible for auto-proxying)
2018-05-02 00:04:55.568  INFO 1298 --- [main] trationDelegate$BeanPostProcessorChecker : Bean 'org.springframework.boot.autoconfigure.security.oauth2.OAuth2AutoConfiguration' of type [org.springframework.boot.autoconfigure.security.oauth2.OAuth2AutoConfiguration$$EnhancerBySpringCGLIB$$102bca5f] is not eligible for getting processed by all BeanPostProcessors (for example: not eligible for auto-proxying)
2018-05-02 00:04:55.582  INFO 1298 --- [main] trationDelegate$BeanPostProcessorChecker : Bean 'resourceServerProperties' of type [org.springframework.boot.autoconfigure.security.oauth2.resource.ResourceServerProperties] is not eligible for getting processed by all BeanPostProcessors (for example: not eligible for auto-proxying)
2018-05-02 00:04:56.014  INFO 1298 --- [main] j.LocalContainerEntityManagerFactoryBean : Building JPA container EntityManagerFactory for persistence unit 'default'
2018-05-02 00:04:56.028  INFO 1298 --- [main] o.hibernate.jpa.internal.util.LogHelper  : HHH000204: Processing PersistenceUnitInfo [
	name: default
	...]
2018-05-02 00:04:56.082  INFO 1298 --- [main] org.hibernate.Version                    : HHH000412: Hibernate Core {5.0.12.Final}
2018-05-02 00:04:56.083  INFO 1298 --- [main] org.hibernate.cfg.Environment            : HHH000206: hibernate.properties not found
2018-05-02 00:04:56.085  INFO 1298 --- [main] org.hibernate.cfg.Environment            : HHH000021: Bytecode provider name : javassist
2018-05-02 00:04:56.133  INFO 1298 --- [main] o.hibernate.annotations.common.Version   : HCANN000001: Hibernate Commons Annotations {5.0.1.Final}
2018-05-02 00:04:56.217  INFO 1298 --- [main] org.hibernate.dialect.Dialect            : HHH000400: Using dialect: org.hibernate.dialect.PostgreSQL9Dialect
2018-05-02 00:04:56.330  INFO 1298 --- [main] o.h.e.j.e.i.LobCreatorBuilderImpl        : HHH000424: Disabling contextual LOB creation as createClob() method threw error : java.lang.reflect.InvocationTargetException
2018-05-02 00:04:56.332  INFO 1298 --- [main] org.hibernate.type.BasicTypeRegistry     : HHH000270: Type registration [java.util.UUID] overrides previous : org.hibernate.type.UUIDBinaryType@20a967fe
2018-05-02 00:04:56.704  INFO 1298 --- [main] org.hibernate.tool.hbm2ddl.SchemaUpdate  : HHH000228: Running hbm2ddl schema update
2018-05-02 00:04:56.786  INFO 1298 --- [main] j.LocalContainerEntityManagerFactoryBean : Initialized JPA EntityManagerFactory for persistence unit 'default'
2018-05-02 00:04:56.995  INFO 1298 --- [main] o.h.h.i.QueryTranslatorFactoryInitiator  : HHH000397: Using ASTQueryTranslatorFactory
2018-05-02 00:04:57.564  INFO 1298 --- [main] .s.o.p.e.FrameworkEndpointHandlerMapping : Mapped "{[/oauth/authorize]}" onto public org.springframework.web.servlet.ModelAndView org.springframework.security.oauth2.provider.endpoint.AuthorizationEndpoint.authorize(java.util.Map<java.lang.String, java.lang.Object>,java.util.Map<java.lang.String, java.lang.String>,org.springframework.web.bind.support.SessionStatus,java.security.Principal)
2018-05-02 00:04:57.566  INFO 1298 --- [main] .s.o.p.e.FrameworkEndpointHandlerMapping : Mapped "{[/oauth/authorize],methods=[POST],params=[user_oauth_approval]}" onto public org.springframework.web.servlet.View org.springframework.security.oauth2.provider.endpoint.AuthorizationEndpoint.approveOrDeny(java.util.Map<java.lang.String, java.lang.String>,java.util.Map<java.lang.String, ?>,org.springframework.web.bind.support.SessionStatus,java.security.Principal)
2018-05-02 00:04:57.567  INFO 1298 --- [main] .s.o.p.e.FrameworkEndpointHandlerMapping : Mapped "{[/oauth/token],methods=[POST]}" onto public org.springframework.http.ResponseEntity<org.springframework.security.oauth2.common.OAuth2AccessToken> org.springframework.security.oauth2.provider.endpoint.TokenEndpoint.postAccessToken(java.security.Principal,java.util.Map<java.lang.String, java.lang.String>) throws org.springframework.web.HttpRequestMethodNotSupportedException
2018-05-02 00:04:57.567  INFO 1298 --- [main] .s.o.p.e.FrameworkEndpointHandlerMapping : Mapped "{[/oauth/token],methods=[GET]}" onto public org.springframework.http.ResponseEntity<org.springframework.security.oauth2.common.OAuth2AccessToken> org.springframework.security.oauth2.provider.endpoint.TokenEndpoint.getAccessToken(java.security.Principal,java.util.Map<java.lang.String, java.lang.String>) throws org.springframework.web.HttpRequestMethodNotSupportedException
2018-05-02 00:04:57.568  INFO 1298 --- [main] .s.o.p.e.FrameworkEndpointHandlerMapping : Mapped "{[/oauth/check_token]}" onto public java.util.Map<java.lang.String, ?> org.springframework.security.oauth2.provider.endpoint.CheckTokenEndpoint.checkToken(java.lang.String)
2018-05-02 00:04:57.569  INFO 1298 --- [main] .s.o.p.e.FrameworkEndpointHandlerMapping : Mapped "{[/oauth/confirm_access]}" onto public org.springframework.web.servlet.ModelAndView org.springframework.security.oauth2.provider.endpoint.WhitelabelApprovalEndpoint.getAccessConfirmation(java.util.Map<java.lang.String, java.lang.Object>,javax.servlet.http.HttpServletRequest) throws java.lang.Exception
2018-05-02 00:04:57.569  INFO 1298 --- [main] .s.o.p.e.FrameworkEndpointHandlerMapping : Mapped "{[/oauth/error]}" onto public org.springframework.web.servlet.ModelAndView org.springframework.security.oauth2.provider.endpoint.WhitelabelErrorEndpoint.handleError(javax.servlet.http.HttpServletRequest)
2018-05-02 00:04:57.943  INFO 1298 --- [main] o.s.s.web.DefaultSecurityFilterChain     : Creating filter chain: OrRequestMatcher [requestMatchers=[Ant [pattern='/oauth/token'], Ant [pattern='/oauth/token_key'], Ant [pattern='/oauth/check_token']]], [org.springframework.security.web.context.request.async.WebAsyncManagerIntegrationFilter@3c488b34, org.springframework.security.web.context.SecurityContextPersistenceFilter@192b472d, org.springframework.security.web.header.HeaderWriterFilter@f9b8129, org.springframework.security.web.authentication.logout.LogoutFilter@4fe2dd02, org.springframework.security.web.authentication.www.BasicAuthenticationFilter@c318864, org.springframework.security.web.savedrequest.RequestCacheAwareFilter@45b96e4c, org.springframework.security.web.servletapi.SecurityContextHolderAwareRequestFilter@166ce247, org.springframework.security.web.authentication.AnonymousAuthenticationFilter@32e697ac, org.springframework.security.web.session.SessionManagementFilter@32b46831, org.springframework.security.web.access.ExceptionTranslationFilter@43c0c13a, org.springframework.security.web.access.intercept.FilterSecurityInterceptor@6326c5ec]
2018-05-02 00:04:57.948  INFO 1298 --- [main] o.s.s.web.DefaultSecurityFilterChain     : Creating filter chain: org.springframework.security.web.util.matcher.AnyRequestMatcher@1, [org.springframework.security.web.context.request.async.WebAsyncManagerIntegrationFilter@7cd1ec54, org.springframework.security.web.context.SecurityContextPersistenceFilter@655621fd, org.springframework.security.web.header.HeaderWriterFilter@eded048, org.springframework.security.web.authentication.logout.LogoutFilter@4e4d0a0b, org.springframework.security.web.savedrequest.RequestCacheAwareFilter@77e9dca8, org.springframework.security.web.servletapi.SecurityContextHolderAwareRequestFilter@fcd0e8d, org.springframework.security.web.session.SessionManagementFilter@65a48cab, org.springframework.security.web.access.ExceptionTranslationFilter@5408d4b3, org.springframework.security.web.access.intercept.FilterSecurityInterceptor@62108cd3]
2018-05-02 00:04:57.969  INFO 1298 --- [main] o.s.s.web.DefaultSecurityFilterChain     : Creating filter chain: org.springframework.security.oauth2.config.annotation.web.configuration.ResourceServerConfiguration$NotOAuthRequestMatcher@3c09a350, [org.springframework.security.web.context.request.async.WebAsyncManagerIntegrationFilter@592a1882, org.springframework.security.web.context.SecurityContextPersistenceFilter@2cea921a, org.springframework.security.web.header.HeaderWriterFilter@e881e46, org.springframework.security.web.authentication.logout.LogoutFilter@d66502, org.springframework.security.oauth2.provider.authentication.OAuth2AuthenticationProcessingFilter@595814a1, org.springframework.security.web.savedrequest.RequestCacheAwareFilter@65753724, org.springframework.security.web.servletapi.SecurityContextHolderAwareRequestFilter@2bc16fe2, org.springframework.security.web.session.SessionManagementFilter@657b3b, org.springframework.security.web.access.ExceptionTranslationFilter@6f24ce45, org.springframework.security.web.access.intercept.FilterSecurityInterceptor@714f1a44]
2018-05-02 00:04:58.384  INFO 1298 --- [main] s.w.s.m.m.a.RequestMappingHandlerAdapter : Looking for @ControllerAdvice: org.springframework.web.context.support.GenericWebApplicationContext@6253c26: startup date [Wed May 02 00:04:54 CEST 2018]; root of context hierarchy
2018-05-02 00:04:58.442  INFO 1298 --- [main] s.w.s.m.m.a.RequestMappingHandlerMapping : Mapped "{[/api/people],methods=[GET]}" onto public java.util.List<net.cloudcentrik.dagenslunch.model.People> net.cloudcentrik.dagenslunch.controller.PeopleController.retrieveAllPeoples()
2018-05-02 00:04:58.443  INFO 1298 --- [main] s.w.s.m.m.a.RequestMappingHandlerMapping : Mapped "{[/api/people],methods=[POST]}" onto public net.cloudcentrik.dagenslunch.model.People net.cloudcentrik.dagenslunch.controller.PeopleController.createPeople(net.cloudcentrik.dagenslunch.model.People)
2018-05-02 00:04:58.443  INFO 1298 --- [main] s.w.s.m.m.a.RequestMappingHandlerMapping : Mapped "{[/api/people/{id}],methods=[POST]}" onto public int net.cloudcentrik.dagenslunch.controller.PeopleController.updatePeople(java.lang.Long,net.cloudcentrik.dagenslunch.model.People)
2018-05-02 00:04:58.443  INFO 1298 --- [main] s.w.s.m.m.a.RequestMappingHandlerMapping : Mapped "{[/api/people/{id}],methods=[GET]}" onto public net.cloudcentrik.dagenslunch.model.People net.cloudcentrik.dagenslunch.controller.PeopleController.getPeopleById(java.lang.Long)
2018-05-02 00:04:58.444  INFO 1298 --- [main] s.w.s.m.m.a.RequestMappingHandlerMapping : Mapped "{[/api/people/{id}],methods=[DELETE]}" onto public void net.cloudcentrik.dagenslunch.controller.PeopleController.deletePeopleById(long)
2018-05-02 00:04:58.444  INFO 1298 --- [main] s.w.s.m.m.a.RequestMappingHandlerMapping : Mapped "{[/api/people/title/{title}],methods=[GET]}" onto public net.cloudcentrik.dagenslunch.model.People net.cloudcentrik.dagenslunch.controller.PeopleController.findByJobTitle(java.lang.String)
2018-05-02 00:04:58.448  INFO 1298 --- [main] s.w.s.m.m.a.RequestMappingHandlerMapping : Mapped "{[/users/user],methods=[GET]}" onto public java.util.List net.cloudcentrik.dagenslunch.user.UserController.listUser()
2018-05-02 00:04:58.448  INFO 1298 --- [main] s.w.s.m.m.a.RequestMappingHandlerMapping : Mapped "{[/users/user/{id}],methods=[DELETE]}" onto public java.lang.String net.cloudcentrik.dagenslunch.user.UserController.delete(java.lang.String)
2018-05-02 00:04:58.449  INFO 1298 --- [main] s.w.s.m.m.a.RequestMappingHandlerMapping : Mapped "{[/users/user],methods=[POST]}" onto public net.cloudcentrik.dagenslunch.user.User net.cloudcentrik.dagenslunch.user.UserController.create(net.cloudcentrik.dagenslunch.user.User)
2018-05-02 00:04:58.451  INFO 1298 --- [main] s.w.s.m.m.a.RequestMappingHandlerMapping : Mapped "{[/error],produces=[text/html]}" onto public org.springframework.web.servlet.ModelAndView org.springframework.boot.autoconfigure.web.BasicErrorController.errorHtml(javax.servlet.http.HttpServletRequest,javax.servlet.http.HttpServletResponse)
2018-05-02 00:04:58.451  INFO 1298 --- [main] s.w.s.m.m.a.RequestMappingHandlerMapping : Mapped "{[/error]}" onto public org.springframework.http.ResponseEntity<java.util.Map<java.lang.String, java.lang.Object>> org.springframework.boot.autoconfigure.web.BasicErrorController.error(javax.servlet.http.HttpServletRequest)
2018-05-02 00:04:58.499  INFO 1298 --- [main] o.s.w.s.handler.SimpleUrlHandlerMapping  : Mapped URL path [/webjars/**] onto handler of type [class org.springframework.web.servlet.resource.ResourceHttpRequestHandler]
2018-05-02 00:04:58.499  INFO 1298 --- [main] o.s.w.s.handler.SimpleUrlHandlerMapping  : Mapped URL path [/**] onto handler of type [class org.springframework.web.servlet.resource.ResourceHttpRequestHandler]
2018-05-02 00:04:58.518  INFO 1298 --- [main] .m.m.a.ExceptionHandlerExceptionResolver : Detected @ExceptionHandler methods in exceptionHandlingController
2018-05-02 00:04:58.546  INFO 1298 --- [main] o.s.w.s.handler.SimpleUrlHandlerMapping  : Mapped URL path [/**/favicon.ico] onto handler of type [class org.springframework.web.servlet.resource.ResourceHttpRequestHandler]
2018-05-02 00:04:58.811  INFO 1298 --- [main] o.s.ui.freemarker.SpringTemplateLoader   : SpringTemplateLoader for FreeMarker: using resource loader [org.springframework.web.context.support.GenericWebApplicationContext@6253c26: startup date [Wed May 02 00:04:54 CEST 2018]; root of context hierarchy] and template loader path [classpath:/templates/]
2018-05-02 00:04:58.812  INFO 1298 --- [main] o.s.w.s.v.f.FreeMarkerConfigurer         : ClassTemplateLoader for Spring macros added to FreeMarker configuration
2018-05-02 00:04:58.837  WARN 1298 --- [main] o.s.b.a.f.FreeMarkerAutoConfiguration    : Cannot find template location(s): [classpath:/templates/] (please add some templates, check your FreeMarker configuration, or set spring.freemarker.checkTemplateLocation=false)
2018-05-02 00:04:59.013  INFO 1298 --- [main] n.c.d.DagenslunchApplicationTests        : Started DagenslunchApplicationTests in 4.997 seconds (JVM running for 5.586)
2018-05-02 00:04:59.075  INFO 1298 --- [Thread-3] o.s.w.c.s.GenericWebApplicationContext   : Closing org.springframework.web.context.support.GenericWebApplicationContext@6253c26: startup date [Wed May 02 00:04:54 CEST 2018]; root of context hierarchy
2018-05-02 00:04:59.081  INFO 1298 --- [Thread-3] j.LocalContainerEntityManagerFactoryBean : Closing JPA EntityManagerFactory for persistence unit 'default'
2018-05-02 00:06:34.921  INFO 1552 --- [main] n.c.d.DagenslunchApplicationTests        : Starting DagenslunchApplicationTests on cloudcentrik.home with PID 1552 (started by ismail in /home/ismail/my_project/cloudcentrik/dagenslunch-server-spring-boot/dagenslunch)
2018-05-02 00:06:34.922  INFO 1552 --- [main] n.c.d.DagenslunchApplicationTests        : No active profile set, falling back to default profiles: default
2018-05-02 00:06:34.970  INFO 1552 --- [main] o.s.w.c.s.GenericWebApplicationContext   : Refreshing org.springframework.web.context.support.GenericWebApplicationContext@6253c26: startup date [Wed May 02 00:06:34 CEST 2018]; root of context hierarchy
2018-05-02 00:06:36.047  INFO 1552 --- [main] f.a.AutowiredAnnotationBeanPostProcessor : JSR-330 'javax.inject.Inject' annotation found and supported for autowiring
2018-05-02 00:06:36.164  INFO 1552 --- [main] trationDelegate$BeanPostProcessorChecker : Bean 'org.springframework.transaction.annotation.ProxyTransactionManagementConfiguration' of type [org.springframework.transaction.annotation.ProxyTransactionManagementConfiguration$$EnhancerBySpringCGLIB$$d8679427] is not eligible for getting processed by all BeanPostProcessors (for example: not eligible for auto-proxying)
2018-05-02 00:06:36.219  INFO 1552 --- [main] trationDelegate$BeanPostProcessorChecker : Bean 'org.springframework.security.config.annotation.configuration.ObjectPostProcessorConfiguration' of type [org.springframework.security.config.annotation.configuration.ObjectPostProcessorConfiguration$$EnhancerBySpringCGLIB$$71155c61] is not eligible for getting processed by all BeanPostProcessors (for example: not eligible for auto-proxying)
2018-05-02 00:06:36.229  INFO 1552 --- [main] trationDelegate$BeanPostProcessorChecker : Bean 'objectPostProcessor' of type [org.springframework.security.config.annotation.configuration.AutowireBeanFactoryObjectPostProcessor] is not eligible for getting processed by all BeanPostProcessors (for example: not eligible for auto-proxying)
2018-05-02 00:06:36.232  INFO 1552 --- [main] trationDelegate$BeanPostProcessorChecker : Bean 'org.springframework.security.access.expression.method.DefaultMethodSecurityExpressionHandler@74fe5966' of type [org.springframework.security.oauth2.provider.expression.OAuth2MethodSecurityExpressionHandler] is not eligible for getting processed by all BeanPostProcessors (for example: not eligible for auto-proxying)
2018-05-02 00:06:36.239  INFO 1552 --- [main] trationDelegate$BeanPostProcessorChecker : Bean 'org.springframework.security.config.annotation.method.configuration.GlobalMethodSecurityConfiguration' of type [org.springframework.security.config.annotation.method.configuration.GlobalMethodSecurityConfiguration$$EnhancerBySpringCGLIB$$95e9ff13] is not eligible for getting processed by all BeanPostProcessors (for example: not eligible for auto-proxying)
2018-05-02 00:06:36.249  INFO 1552 --- [main] trationDelegate$BeanPostProcessorChecker : Bean 'methodSecurityMetadataSource' of type [org.springframework.security.access.method.DelegatingMethodSecurityMetadataSource] is not eligible for getting processed by all BeanPostProcessors (for example: not eligible for auto-proxying)
2018-05-02 00:06:36.331  INFO 1552 --- [main] trationDelegate$BeanPostProcessorChecker : Bean 'security.oauth2.client-org.springframework.boot.autoconfigure.security.oauth2.OAuth2ClientProperties' of type [org.springframework.boot.autoconfigure.security.oauth2.OAuth2ClientProperties] is not eligible for getting processed by all BeanPostProcessors (for example: not eligible for auto-proxying)
2018-05-02 00:06:36.335  INFO 1552 --- [main] trationDelegate$BeanPostProcessorChecker : Bean 'org.springframework.boot.autoconfigure.security.oauth2.OAuth2AutoConfiguration' of type [org.springframework.boot.autoconfigure.security.oauth2.OAuth2AutoConfiguration$$EnhancerBySpringCGLIB$$8fb15027] is not eligible for getting processed by all BeanPostProcessors (for example: not eligible for auto-proxying)
2018-05-02 00:06:36.350  INFO 1552 --- [main] trationDelegate$BeanPostProcessorChecker : Bean 'resourceServerProperties' of type [org.springframework.boot.autoconfigure.security.oauth2.resource.ResourceServerProperties] is not eligible for getting processed by all BeanPostProcessors (for example: not eligible for auto-proxying)
2018-05-02 00:06:36.822  INFO 1552 --- [main] j.LocalContainerEntityManagerFactoryBean : Building JPA container EntityManagerFactory for persistence unit 'default'
2018-05-02 00:06:36.835  INFO 1552 --- [main] o.hibernate.jpa.internal.util.LogHelper  : HHH000204: Processing PersistenceUnitInfo [
	name: default
	...]
2018-05-02 00:06:36.901  INFO 1552 --- [main] org.hibernate.Version                    : HHH000412: Hibernate Core {5.0.12.Final}
2018-05-02 00:06:36.904  INFO 1552 --- [main] org.hibernate.cfg.Environment            : HHH000206: hibernate.properties not found
2018-05-02 00:06:36.906  INFO 1552 --- [main] org.hibernate.cfg.Environment            : HHH000021: Bytecode provider name : javassist
2018-05-02 00:06:36.947  INFO 1552 --- [main] o.hibernate.annotations.common.Version   : HCANN000001: Hibernate Commons Annotations {5.0.1.Final}
2018-05-02 00:06:37.039  INFO 1552 --- [main] org.hibernate.dialect.Dialect            : HHH000400: Using dialect: org.hibernate.dialect.PostgreSQL9Dialect
2018-05-02 00:06:37.159  INFO 1552 --- [main] o.h.e.j.e.i.LobCreatorBuilderImpl        : HHH000424: Disabling contextual LOB creation as createClob() method threw error : java.lang.reflect.InvocationTargetException
2018-05-02 00:06:37.161  INFO 1552 --- [main] org.hibernate.type.BasicTypeRegistry     : HHH000270: Type registration [java.util.UUID] overrides previous : org.hibernate.type.UUIDBinaryType@294f9d50
2018-05-02 00:06:37.564  INFO 1552 --- [main] org.hibernate.tool.hbm2ddl.SchemaUpdate  : HHH000228: Running hbm2ddl schema update
2018-05-02 00:06:37.641  INFO 1552 --- [main] j.LocalContainerEntityManagerFactoryBean : Initialized JPA EntityManagerFactory for persistence unit 'default'
2018-05-02 00:06:37.864  INFO 1552 --- [main] o.h.h.i.QueryTranslatorFactoryInitiator  : HHH000397: Using ASTQueryTranslatorFactory
2018-05-02 00:06:38.462  INFO 1552 --- [main] .s.o.p.e.FrameworkEndpointHandlerMapping : Mapped "{[/oauth/authorize]}" onto public org.springframework.web.servlet.ModelAndView org.springframework.security.oauth2.provider.endpoint.AuthorizationEndpoint.authorize(java.util.Map<java.lang.String, java.lang.Object>,java.util.Map<java.lang.String, java.lang.String>,org.springframework.web.bind.support.SessionStatus,java.security.Principal)
2018-05-02 00:06:38.464  INFO 1552 --- [main] .s.o.p.e.FrameworkEndpointHandlerMapping : Mapped "{[/oauth/authorize],methods=[POST],params=[user_oauth_approval]}" onto public org.springframework.web.servlet.View org.springframework.security.oauth2.provider.endpoint.AuthorizationEndpoint.approveOrDeny(java.util.Map<java.lang.String, java.lang.String>,java.util.Map<java.lang.String, ?>,org.springframework.web.bind.support.SessionStatus,java.security.Principal)
2018-05-02 00:06:38.465  INFO 1552 --- [main] .s.o.p.e.FrameworkEndpointHandlerMapping : Mapped "{[/oauth/token],methods=[POST]}" onto public org.springframework.http.ResponseEntity<org.springframework.security.oauth2.common.OAuth2AccessToken> org.springframework.security.oauth2.provider.endpoint.TokenEndpoint.postAccessToken(java.security.Principal,java.util.Map<java.lang.String, java.lang.String>) throws org.springframework.web.HttpRequestMethodNotSupportedException
2018-05-02 00:06:38.465  INFO 1552 --- [main] .s.o.p.e.FrameworkEndpointHandlerMapping : Mapped "{[/oauth/token],methods=[GET]}" onto public org.springframework.http.ResponseEntity<org.springframework.security.oauth2.common.OAuth2AccessToken> org.springframework.security.oauth2.provider.endpoint.TokenEndpoint.getAccessToken(java.security.Principal,java.util.Map<java.lang.String, java.lang.String>) throws org.springframework.web.HttpRequestMethodNotSupportedException
2018-05-02 00:06:38.466  INFO 1552 --- [main] .s.o.p.e.FrameworkEndpointHandlerMapping : Mapped "{[/oauth/check_token]}" onto public java.util.Map<java.lang.String, ?> org.springframework.security.oauth2.provider.endpoint.CheckTokenEndpoint.checkToken(java.lang.String)
2018-05-02 00:06:38.466  INFO 1552 --- [main] .s.o.p.e.FrameworkEndpointHandlerMapping : Mapped "{[/oauth/confirm_access]}" onto public org.springframework.web.servlet.ModelAndView org.springframework.security.oauth2.provider.endpoint.WhitelabelApprovalEndpoint.getAccessConfirmation(java.util.Map<java.lang.String, java.lang.Object>,javax.servlet.http.HttpServletRequest) throws java.lang.Exception
2018-05-02 00:06:38.466  INFO 1552 --- [main] .s.o.p.e.FrameworkEndpointHandlerMapping : Mapped "{[/oauth/error]}" onto public org.springframework.web.servlet.ModelAndView org.springframework.security.oauth2.provider.endpoint.WhitelabelErrorEndpoint.handleError(javax.servlet.http.HttpServletRequest)
2018-05-02 00:06:38.831  INFO 1552 --- [main] o.s.s.web.DefaultSecurityFilterChain     : Creating filter chain: OrRequestMatcher [requestMatchers=[Ant [pattern='/oauth/token'], Ant [pattern='/oauth/token_key'], Ant [pattern='/oauth/check_token']]], [org.springframework.security.web.context.request.async.WebAsyncManagerIntegrationFilter@3c488b34, org.springframework.security.web.context.SecurityContextPersistenceFilter@192b472d, org.springframework.security.web.header.HeaderWriterFilter@f9b8129, org.springframework.security.web.authentication.logout.LogoutFilter@4fe2dd02, org.springframework.security.web.authentication.www.BasicAuthenticationFilter@c318864, org.springframework.security.web.savedrequest.RequestCacheAwareFilter@45b96e4c, org.springframework.security.web.servletapi.SecurityContextHolderAwareRequestFilter@166ce247, org.springframework.security.web.authentication.AnonymousAuthenticationFilter@32e697ac, org.springframework.security.web.session.SessionManagementFilter@32b46831, org.springframework.security.web.access.ExceptionTranslationFilter@43c0c13a, org.springframework.security.web.access.intercept.FilterSecurityInterceptor@6326c5ec]
2018-05-02 00:06:38.836  INFO 1552 --- [main] o.s.s.web.DefaultSecurityFilterChain     : Creating filter chain: org.springframework.security.web.util.matcher.AnyRequestMatcher@1, [org.springframework.security.web.context.request.async.WebAsyncManagerIntegrationFilter@7cd1ec54, org.springframework.security.web.context.SecurityContextPersistenceFilter@655621fd, org.springframework.security.web.header.HeaderWriterFilter@eded048, org.springframework.security.web.authentication.logout.LogoutFilter@4e4d0a0b, org.springframework.security.web.savedrequest.RequestCacheAwareFilter@77e9dca8, org.springframework.security.web.servletapi.SecurityContextHolderAwareRequestFilter@fcd0e8d, org.springframework.security.web.session.SessionManagementFilter@65a48cab, org.springframework.security.web.access.ExceptionTranslationFilter@5408d4b3, org.springframework.security.web.access.intercept.FilterSecurityInterceptor@62108cd3]
2018-05-02 00:06:38.855  INFO 1552 --- [main] o.s.s.web.DefaultSecurityFilterChain     : Creating filter chain: org.springframework.security.oauth2.config.annotation.web.configuration.ResourceServerConfiguration$NotOAuthRequestMatcher@3c09a350, [org.springframework.security.web.context.request.async.WebAsyncManagerIntegrationFilter@592a1882, org.springframework.security.web.context.SecurityContextPersistenceFilter@2cea921a, org.springframework.security.web.header.HeaderWriterFilter@e881e46, org.springframework.security.web.authentication.logout.LogoutFilter@d66502, org.springframework.security.oauth2.provider.authentication.OAuth2AuthenticationProcessingFilter@595814a1, org.springframework.security.web.savedrequest.RequestCacheAwareFilter@65753724, org.springframework.security.web.servletapi.SecurityContextHolderAwareRequestFilter@2bc16fe2, org.springframework.security.web.session.SessionManagementFilter@657b3b, org.springframework.security.web.access.ExceptionTranslationFilter@6f24ce45, org.springframework.security.web.access.intercept.FilterSecurityInterceptor@714f1a44]
2018-05-02 00:06:39.341  INFO 1552 --- [main] s.w.s.m.m.a.RequestMappingHandlerAdapter : Looking for @ControllerAdvice: org.springframework.web.context.support.GenericWebApplicationContext@6253c26: startup date [Wed May 02 00:06:34 CEST 2018]; root of context hierarchy
2018-05-02 00:06:39.400  INFO 1552 --- [main] s.w.s.m.m.a.RequestMappingHandlerMapping : Mapped "{[/api/people],methods=[GET]}" onto public java.util.List<net.cloudcentrik.dagenslunch.model.People> net.cloudcentrik.dagenslunch.controller.PeopleController.retrieveAllPeoples()
2018-05-02 00:06:39.400  INFO 1552 --- [main] s.w.s.m.m.a.RequestMappingHandlerMapping : Mapped "{[/api/people],methods=[POST]}" onto public net.cloudcentrik.dagenslunch.model.People net.cloudcentrik.dagenslunch.controller.PeopleController.createPeople(net.cloudcentrik.dagenslunch.model.People)
2018-05-02 00:06:39.400  INFO 1552 --- [main] s.w.s.m.m.a.RequestMappingHandlerMapping : Mapped "{[/api/people/{id}],methods=[POST]}" onto public int net.cloudcentrik.dagenslunch.controller.PeopleController.updatePeople(java.lang.Long,net.cloudcentrik.dagenslunch.model.People)
2018-05-02 00:06:39.401  INFO 1552 --- [main] s.w.s.m.m.a.RequestMappingHandlerMapping : Mapped "{[/api/people/{id}],methods=[GET]}" onto public net.cloudcentrik.dagenslunch.model.People net.cloudcentrik.dagenslunch.controller.PeopleController.getPeopleById(java.lang.Long)
2018-05-02 00:06:39.401  INFO 1552 --- [main] s.w.s.m.m.a.RequestMappingHandlerMapping : Mapped "{[/api/people/{id}],methods=[DELETE]}" onto public void net.cloudcentrik.dagenslunch.controller.PeopleController.deletePeopleById(long)
2018-05-02 00:06:39.401  INFO 1552 --- [main] s.w.s.m.m.a.RequestMappingHandlerMapping : Mapped "{[/api/people/title/{title}],methods=[GET]}" onto public net.cloudcentrik.dagenslunch.model.People net.cloudcentrik.dagenslunch.controller.PeopleController.findByJobTitle(java.lang.String)
2018-05-02 00:06:39.402  INFO 1552 --- [main] s.w.s.m.m.a.RequestMappingHandlerMapping : Mapped "{[/users/user],methods=[GET]}" onto public java.util.List net.cloudcentrik.dagenslunch.user.UserController.listUser()
2018-05-02 00:06:39.403  INFO 1552 --- [main] s.w.s.m.m.a.RequestMappingHandlerMapping : Mapped "{[/users/user/{id}],methods=[DELETE]}" onto public java.lang.String net.cloudcentrik.dagenslunch.user.UserController.delete(java.lang.String)
2018-05-02 00:06:39.403  INFO 1552 --- [main] s.w.s.m.m.a.RequestMappingHandlerMapping : Mapped "{[/users/user],methods=[POST]}" onto public net.cloudcentrik.dagenslunch.user.User net.cloudcentrik.dagenslunch.user.UserController.create(net.cloudcentrik.dagenslunch.user.User)
2018-05-02 00:06:39.405  INFO 1552 --- [main] s.w.s.m.m.a.RequestMappingHandlerMapping : Mapped "{[/error],produces=[text/html]}" onto public org.springframework.web.servlet.ModelAndView org.springframework.boot.autoconfigure.web.BasicErrorController.errorHtml(javax.servlet.http.HttpServletRequest,javax.servlet.http.HttpServletResponse)
2018-05-02 00:06:39.405  INFO 1552 --- [main] s.w.s.m.m.a.RequestMappingHandlerMapping : Mapped "{[/error]}" onto public org.springframework.http.ResponseEntity<java.util.Map<java.lang.String, java.lang.Object>> org.springframework.boot.autoconfigure.web.BasicErrorController.error(javax.servlet.http.HttpServletRequest)
2018-05-02 00:06:39.451  INFO 1552 --- [main] o.s.w.s.handler.SimpleUrlHandlerMapping  : Mapped URL path [/webjars/**] onto handler of type [class org.springframework.web.servlet.resource.ResourceHttpRequestHandler]
2018-05-02 00:06:39.452  INFO 1552 --- [main] o.s.w.s.handler.SimpleUrlHandlerMapping  : Mapped URL path [/**] onto handler of type [class org.springframework.web.servlet.resource.ResourceHttpRequestHandler]
2018-05-02 00:06:39.471  INFO 1552 --- [main] .m.m.a.ExceptionHandlerExceptionResolver : Detected @ExceptionHandler methods in exceptionHandlingController
2018-05-02 00:06:39.502  INFO 1552 --- [main] o.s.w.s.handler.SimpleUrlHandlerMapping  : Mapped URL path [/**/favicon.ico] onto handler of type [class org.springframework.web.servlet.resource.ResourceHttpRequestHandler]
2018-05-02 00:06:39.777  INFO 1552 --- [main] o.s.ui.freemarker.SpringTemplateLoader   : SpringTemplateLoader for FreeMarker: using resource loader [org.springframework.web.context.support.GenericWebApplicationContext@6253c26: startup date [Wed May 02 00:06:34 CEST 2018]; root of context hierarchy] and template loader path [classpath:/templates/]
2018-05-02 00:06:39.778  INFO 1552 --- [main] o.s.w.s.v.f.FreeMarkerConfigurer         : ClassTemplateLoader for Spring macros added to FreeMarker configuration
2018-05-02 00:06:39.816  WARN 1552 --- [main] o.s.b.a.f.FreeMarkerAutoConfiguration    : Cannot find template location(s): [classpath:/templates/] (please add some templates, check your FreeMarker configuration, or set spring.freemarker.checkTemplateLocation=false)
2018-05-02 00:06:39.980  INFO 1552 --- [main] n.c.d.DagenslunchApplicationTests        : Started DagenslunchApplicationTests in 5.258 seconds (JVM running for 5.852)
2018-05-02 00:06:40.030  INFO 1552 --- [Thread-3] o.s.w.c.s.GenericWebApplicationContext   : Closing org.springframework.web.context.support.GenericWebApplicationContext@6253c26: startup date [Wed May 02 00:06:34 CEST 2018]; root of context hierarchy
2018-05-02 00:06:40.038  INFO 1552 --- [Thread-3] j.LocalContainerEntityManagerFactoryBean : Closing JPA EntityManagerFactory for persistence unit 'default'
